<?xml version="1.0" encoding="UTF-8"?>
<testng-results skipped="0" failed="1" total="1" passed="0">
  <reporter-output>
  </reporter-output>
  <suite name="Default suite" duration-ms="30029" started-at="2020-02-06T07:33:40Z" finished-at="2020-02-06T07:34:10Z">
    <groups>
    </groups>
    <test name="Default test" duration-ms="30029" started-at="2020-02-06T07:33:40Z" finished-at="2020-02-06T07:34:10Z">
      <class name="utilities.NewTest">
        <test-method status="PASS" signature="adminlogin()[pri:0, instance:utilities.NewTest@26be92ad]" name="adminlogin" is-config="true" duration-ms="14973" started-at="2020-02-06T13:03:40Z" finished-at="2020-02-06T13:03:55Z">
          <reporter-output>
          </reporter-output>
        </test-method> <!-- adminlogin -->
        <test-method status="FAIL" signature="f()[pri:0, instance:utilities.NewTest@26be92ad]" name="f" duration-ms="14080" started-at="2020-02-06T13:03:55Z" finished-at="2020-02-06T13:04:09Z">
          <exception class="org.openqa.selenium.SessionNotCreatedException">
            <message>
              <![CDATA[session not created
from disconnected: received Inspector.detached event
  (Session info: chrome=80.0.3987.87)
Build info: version: '3.14.0', revision: 'aacccce0', time: '2018-08-02T20:13:22.693Z'
System info: host: 'OJT10-PC', ip: '10.0.0.110', os.name: 'Windows 7', os.arch: 'amd64', os.version: '6.1', java.version: '1.8.0_121'
Driver info: driver.version: ChromeDriver
remote stacktrace: Backtrace:
	Ordinal0 [0x001DA113+1548563]
	Ordinal0 [0x0015DDA1+1039777]
	Ordinal0 [0x000DE485+517253]
	Ordinal0 [0x000D70CB+487627]
	Ordinal0 [0x000D6CE9+486633]
	Ordinal0 [0x000D65E8+484840]
	Ordinal0 [0x000D5D33+482611]
	Ordinal0 [0x000D5E75+482933]
	Ordinal0 [0x000D59B5+481717]
	Ordinal0 [0x000DD1E5+512485]
	Ordinal0 [0x000D5968+481640]
	Ordinal0 [0x000D628B+483979]
	Ordinal0 [0x000D5D33+482611]
	Ordinal0 [0x000D5E75+482933]
	Ordinal0 [0x000D59B5+481717]
	Ordinal0 [0x000DBB0E+506638]
	Ordinal0 [0x000D5968+481640]
	Ordinal0 [0x000D628B+483979]
	Ordinal0 [0x000D5D33+482611]
	Ordinal0 [0x000D5E75+482933]
	Ordinal0 [0x000D59B5+481717]
	Ordinal0 [0x000DA37C+500604]
	Ordinal0 [0x000D5968+481640]
	Ordinal0 [0x000D628B+483979]
	Ordinal0 [0x000D5D33+482611]
	Ordinal0 [0x000D5E75+482933]
	Ordinal0 [0x000D59B5+481717]
	Ordinal0 [0x000D9A17+498199]
	Ordinal0 [0x000D5968+481640]
	Ordinal0 [0x000D628B+483979]
	Ordinal0 [0x000D5D33+482611]
	Ordinal0 [0x000D5E75+482933]
	Ordinal0 [0x000D59B5+481717]
	Ordinal0 [0x000D256C+468332]
	Ordinal0 [0x000D5968+481640]
	Ordinal0 [0x000D5844+481348]
	Ordinal0 [0x000DF0D0+520400]
	Ordinal0 [0x0008C030+180272]
	Ordinal0 [0x0008B59D+177565]
	Ordinal0 [0x000895FB+169467]
	Ordinal0 [0x0007160A+71178]
	Ordinal0 [0x00072690+75408]
	Ordinal0 [0x00072629+75305]
	Ordinal0 [0x001771B7+1143223]
	GetHandleVerifier [0x00272B46+507814]
	GetHandleVerifier [0x00272864+507076]
	GetHandleVerifier [0x00279F47+537511]
	GetHandleVerifier [0x00273402+510050]
	Ordinal0 [0x0016F29C+1110684]
	Ordinal0 [0x0017938B+1151883]
	Ordinal0 [0x001794F3+1152243]
	Ordinal0 [0x001783F5+1147893]
	BaseThreadInitThunk [0x75D933CA+18]
	RtlInitializeExceptionChain [0x77109ED2+99]
	RtlInitializeExceptionChain [0x77109EA5+54]
]]>
            </message>
            <full-stacktrace>
              <![CDATA[org.openqa.selenium.SessionNotCreatedException: session not created
from disconnected: received Inspector.detached event
  (Session info: chrome=80.0.3987.87)
Build info: version: '3.14.0', revision: 'aacccce0', time: '2018-08-02T20:13:22.693Z'
System info: host: 'OJT10-PC', ip: '10.0.0.110', os.name: 'Windows 7', os.arch: 'amd64', os.version: '6.1', java.version: '1.8.0_121'
Driver info: driver.version: ChromeDriver
remote stacktrace: Backtrace:
	Ordinal0 [0x001DA113+1548563]
	Ordinal0 [0x0015DDA1+1039777]
	Ordinal0 [0x000DE485+517253]
	Ordinal0 [0x000D70CB+487627]
	Ordinal0 [0x000D6CE9+486633]
	Ordinal0 [0x000D65E8+484840]
	Ordinal0 [0x000D5D33+482611]
	Ordinal0 [0x000D5E75+482933]
	Ordinal0 [0x000D59B5+481717]
	Ordinal0 [0x000DD1E5+512485]
	Ordinal0 [0x000D5968+481640]
	Ordinal0 [0x000D628B+483979]
	Ordinal0 [0x000D5D33+482611]
	Ordinal0 [0x000D5E75+482933]
	Ordinal0 [0x000D59B5+481717]
	Ordinal0 [0x000DBB0E+506638]
	Ordinal0 [0x000D5968+481640]
	Ordinal0 [0x000D628B+483979]
	Ordinal0 [0x000D5D33+482611]
	Ordinal0 [0x000D5E75+482933]
	Ordinal0 [0x000D59B5+481717]
	Ordinal0 [0x000DA37C+500604]
	Ordinal0 [0x000D5968+481640]
	Ordinal0 [0x000D628B+483979]
	Ordinal0 [0x000D5D33+482611]
	Ordinal0 [0x000D5E75+482933]
	Ordinal0 [0x000D59B5+481717]
	Ordinal0 [0x000D9A17+498199]
	Ordinal0 [0x000D5968+481640]
	Ordinal0 [0x000D628B+483979]
	Ordinal0 [0x000D5D33+482611]
	Ordinal0 [0x000D5E75+482933]
	Ordinal0 [0x000D59B5+481717]
	Ordinal0 [0x000D256C+468332]
	Ordinal0 [0x000D5968+481640]
	Ordinal0 [0x000D5844+481348]
	Ordinal0 [0x000DF0D0+520400]
	Ordinal0 [0x0008C030+180272]
	Ordinal0 [0x0008B59D+177565]
	Ordinal0 [0x000895FB+169467]
	Ordinal0 [0x0007160A+71178]
	Ordinal0 [0x00072690+75408]
	Ordinal0 [0x00072629+75305]
	Ordinal0 [0x001771B7+1143223]
	GetHandleVerifier [0x00272B46+507814]
	GetHandleVerifier [0x00272864+507076]
	GetHandleVerifier [0x00279F47+537511]
	GetHandleVerifier [0x00273402+510050]
	Ordinal0 [0x0016F29C+1110684]
	Ordinal0 [0x0017938B+1151883]
	Ordinal0 [0x001794F3+1152243]
	Ordinal0 [0x001783F5+1147893]
	BaseThreadInitThunk [0x75D933CA+18]
	RtlInitializeExceptionChain [0x77109ED2+99]
	RtlInitializeExceptionChain [0x77109EA5+54]

	at sun.reflect.NativeConstructorAccessorImpl.newInstance0(Native Method)
	at sun.reflect.NativeConstructorAccessorImpl.newInstance(Unknown Source)
	at sun.reflect.DelegatingConstructorAccessorImpl.newInstance(Unknown Source)
	at java.lang.reflect.Constructor.newInstance(Unknown Source)
	at org.openqa.selenium.remote.W3CHandshakeResponse.lambda$new$0(W3CHandshakeResponse.java:57)
	at org.openqa.selenium.remote.W3CHandshakeResponse.lambda$getResponseFunction$2(W3CHandshakeResponse.java:104)
	at org.openqa.selenium.remote.ProtocolHandshake.lambda$createSession$0(ProtocolHandshake.java:122)
	at java.util.stream.ReferencePipeline$3$1.accept(Unknown Source)
	at java.util.Spliterators$ArraySpliterator.tryAdvance(Unknown Source)
	at java.util.stream.ReferencePipeline.forEachWithCancel(Unknown Source)
	at java.util.stream.AbstractPipeline.copyIntoWithCancel(Unknown Source)
	at java.util.stream.AbstractPipeline.copyInto(Unknown Source)
	at java.util.stream.AbstractPipeline.wrapAndCopyInto(Unknown Source)
	at java.util.stream.FindOps$FindOp.evaluateSequential(Unknown Source)
	at java.util.stream.AbstractPipeline.evaluate(Unknown Source)
	at java.util.stream.ReferencePipeline.findFirst(Unknown Source)
	at org.openqa.selenium.remote.ProtocolHandshake.createSession(ProtocolHandshake.java:125)
	at org.openqa.selenium.remote.ProtocolHandshake.createSession(ProtocolHandshake.java:73)
	at org.openqa.selenium.remote.HttpCommandExecutor.execute(HttpCommandExecutor.java:136)
	at org.openqa.selenium.remote.service.DriverCommandExecutor.execute(DriverCommandExecutor.java:83)
	at org.openqa.selenium.remote.RemoteWebDriver.execute(RemoteWebDriver.java:548)
	at org.openqa.selenium.remote.RemoteWebDriver.startSession(RemoteWebDriver.java:212)
	at org.openqa.selenium.remote.RemoteWebDriver.<init>(RemoteWebDriver.java:130)
	at org.openqa.selenium.chrome.ChromeDriver.<init>(ChromeDriver.java:181)
	at org.openqa.selenium.chrome.ChromeDriver.<init>(ChromeDriver.java:168)
	at org.openqa.selenium.chrome.ChromeDriver.<init>(ChromeDriver.java:123)
	at commonfunlibrary.ERP_Functions.launchApp(ERP_Functions.java:18)
	at utilities.NewTest.f(NewTest.java:33)
	at sun.reflect.NativeMethodAccessorImpl.invoke0(Native Method)
	at sun.reflect.NativeMethodAccessorImpl.invoke(Unknown Source)
	at sun.reflect.DelegatingMethodAccessorImpl.invoke(Unknown Source)
	at java.lang.reflect.Method.invoke(Unknown Source)
	at org.testng.internal.MethodInvocationHelper.invokeMethod(MethodInvocationHelper.java:85)
	at org.testng.internal.Invoker.invokeMethod(Invoker.java:639)
	at org.testng.internal.Invoker.invokeTestMethod(Invoker.java:816)
	at org.testng.internal.Invoker.invokeTestMethods(Invoker.java:1124)
	at org.testng.internal.TestMethodWorker.invokeTestMethods(TestMethodWorker.java:125)
	at org.testng.internal.TestMethodWorker.run(TestMethodWorker.java:108)
	at org.testng.TestRunner.privateRun(TestRunner.java:774)
	at org.testng.TestRunner.run(TestRunner.java:624)
	at org.testng.SuiteRunner.runTest(SuiteRunner.java:359)
	at org.testng.SuiteRunner.runSequentially(SuiteRunner.java:354)
	at org.testng.SuiteRunner.privateRun(SuiteRunner.java:312)
	at org.testng.SuiteRunner.run(SuiteRunner.java:261)
	at org.testng.SuiteRunnerWorker.runSuite(SuiteRunnerWorker.java:52)
	at org.testng.SuiteRunnerWorker.run(SuiteRunnerWorker.java:86)
	at org.testng.TestNG.runSuitesSequentially(TestNG.java:1215)
	at org.testng.TestNG.runSuitesLocally(TestNG.java:1140)
	at org.testng.TestNG.run(TestNG.java:1048)
	at org.testng.remote.AbstractRemoteTestNG.run(AbstractRemoteTestNG.java:132)
	at org.testng.remote.RemoteTestNG.initAndRun(RemoteTestNG.java:236)
	at org.testng.remote.RemoteTestNG.main(RemoteTestNG.java:81)
]]>
            </full-stacktrace>
          </exception> <!-- org.openqa.selenium.SessionNotCreatedException -->
          <reporter-output>
          </reporter-output>
        </test-method> <!-- f -->
        <test-method status="FAIL" signature="logout()[pri:0, instance:utilities.NewTest@26be92ad]" name="logout" is-config="true" duration-ms="0" started-at="2020-02-06T13:04:09Z" finished-at="2020-02-06T13:04:09Z">
          <exception class="org.openqa.selenium.NoSuchWindowException">
            <message>
              <![CDATA[no such window: target window already closed
from unknown error: web view not found
  (Session info: chrome=80.0.3987.87)
Build info: version: '3.14.0', revision: 'aacccce0', time: '2018-08-02T20:13:22.693Z'
System info: host: 'OJT10-PC', ip: '10.0.0.110', os.name: 'Windows 7', os.arch: 'amd64', os.version: '6.1', java.version: '1.8.0_121'
Driver info: org.openqa.selenium.chrome.ChromeDriver
Capabilities {acceptInsecureCerts: false, browserName: chrome, browserVersion: 80.0.3987.87, chrome: {chromedriverVersion: 79.0.3945.36 (3582db32b3389..., userDataDir: C:\Users\sowjanya.g\AppData...}, goog:chromeOptions: {debuggerAddress: localhost:49224}, javascriptEnabled: true, networkConnectionEnabled: false, pageLoadStrategy: normal, platform: WINDOWS, platformName: WINDOWS, proxy: Proxy(), setWindowRect: true, strictFileInteractability: false, timeouts: {implicit: 0, pageLoad: 300000, script: 30000}, unhandledPromptBehavior: dismiss and notify}
Session ID: 65463403313f47a511dfc9c92a2e209f]]>
            </message>
            <full-stacktrace>
              <![CDATA[org.openqa.selenium.NoSuchWindowException: no such window: target window already closed
from unknown error: web view not found
  (Session info: chrome=80.0.3987.87)
Build info: version: '3.14.0', revision: 'aacccce0', time: '2018-08-02T20:13:22.693Z'
System info: host: 'OJT10-PC', ip: '10.0.0.110', os.name: 'Windows 7', os.arch: 'amd64', os.version: '6.1', java.version: '1.8.0_121'
Driver info: org.openqa.selenium.chrome.ChromeDriver
Capabilities {acceptInsecureCerts: false, browserName: chrome, browserVersion: 80.0.3987.87, chrome: {chromedriverVersion: 79.0.3945.36 (3582db32b3389..., userDataDir: C:\Users\sowjanya.g\AppData...}, goog:chromeOptions: {debuggerAddress: localhost:49224}, javascriptEnabled: true, networkConnectionEnabled: false, pageLoadStrategy: normal, platform: WINDOWS, platformName: WINDOWS, proxy: Proxy(), setWindowRect: true, strictFileInteractability: false, timeouts: {implicit: 0, pageLoad: 300000, script: 30000}, unhandledPromptBehavior: dismiss and notify}
Session ID: 65463403313f47a511dfc9c92a2e209f
	at sun.reflect.NativeConstructorAccessorImpl.newInstance0(Native Method)
	at sun.reflect.NativeConstructorAccessorImpl.newInstance(Unknown Source)
	at sun.reflect.DelegatingConstructorAccessorImpl.newInstance(Unknown Source)
	at java.lang.reflect.Constructor.newInstance(Unknown Source)
	at org.openqa.selenium.remote.http.W3CHttpResponseCodec.createException(W3CHttpResponseCodec.java:187)
	at org.openqa.selenium.remote.http.W3CHttpResponseCodec.decode(W3CHttpResponseCodec.java:122)
	at org.openqa.selenium.remote.http.W3CHttpResponseCodec.decode(W3CHttpResponseCodec.java:49)
	at org.openqa.selenium.remote.HttpCommandExecutor.execute(HttpCommandExecutor.java:158)
	at org.openqa.selenium.remote.service.DriverCommandExecutor.execute(DriverCommandExecutor.java:83)
	at org.openqa.selenium.remote.RemoteWebDriver.execute(RemoteWebDriver.java:548)
	at org.openqa.selenium.remote.RemoteWebDriver.execute(RemoteWebDriver.java:605)
	at org.openqa.selenium.remote.RemoteWebDriver.close(RemoteWebDriver.java:438)
	at commonfunlibrary.ERP_Functions.closebrw(ERP_Functions.java:101)
	at utilities.NewTest.logout(NewTest.java:45)
	at sun.reflect.NativeMethodAccessorImpl.invoke0(Native Method)
	at sun.reflect.NativeMethodAccessorImpl.invoke(Unknown Source)
	at sun.reflect.DelegatingMethodAccessorImpl.invoke(Unknown Source)
	at java.lang.reflect.Method.invoke(Unknown Source)
	at org.testng.internal.MethodInvocationHelper.invokeMethod(MethodInvocationHelper.java:85)
	at org.testng.internal.Invoker.invokeConfigurationMethod(Invoker.java:510)
	at org.testng.internal.Invoker.invokeConfigurations(Invoker.java:211)
	at org.testng.internal.Invoker.invokeMethod(Invoker.java:703)
	at org.testng.internal.Invoker.invokeTestMethod(Invoker.java:816)
	at org.testng.internal.Invoker.invokeTestMethods(Invoker.java:1124)
	at org.testng.internal.TestMethodWorker.invokeTestMethods(TestMethodWorker.java:125)
	at org.testng.internal.TestMethodWorker.run(TestMethodWorker.java:108)
	at org.testng.TestRunner.privateRun(TestRunner.java:774)
	at org.testng.TestRunner.run(TestRunner.java:624)
	at org.testng.SuiteRunner.runTest(SuiteRunner.java:359)
	at org.testng.SuiteRunner.runSequentially(SuiteRunner.java:354)
	at org.testng.SuiteRunner.privateRun(SuiteRunner.java:312)
	at org.testng.SuiteRunner.run(SuiteRunner.java:261)
	at org.testng.SuiteRunnerWorker.runSuite(SuiteRunnerWorker.java:52)
	at org.testng.SuiteRunnerWorker.run(SuiteRunnerWorker.java:86)
	at org.testng.TestNG.runSuitesSequentially(TestNG.java:1215)
	at org.testng.TestNG.runSuitesLocally(TestNG.java:1140)
	at org.testng.TestNG.run(TestNG.java:1048)
	at org.testng.remote.AbstractRemoteTestNG.run(AbstractRemoteTestNG.java:132)
	at org.testng.remote.RemoteTestNG.initAndRun(RemoteTestNG.java:236)
	at org.testng.remote.RemoteTestNG.main(RemoteTestNG.java:81)
]]>
            </full-stacktrace>
          </exception> <!-- org.openqa.selenium.NoSuchWindowException -->
          <reporter-output>
          </reporter-output>
        </test-method> <!-- logout -->
      </class> <!-- utilities.NewTest -->
    </test> <!-- Default test -->
  </suite> <!-- Default suite -->
</testng-results>
